<?xml version="1.0" encoding="UTF-8"?>
<!-- Generated by org.testng.reporters.JUnitReportReporter -->
<testsuite hostname="LAPTOP-BT3SMEOQ" failures="0" tests="1" name="testCases.TC_001_LoginTest" time="0.494" errors="0" timestamp="2023-08-14T17:40:23 IST" skipped="0">
  <testcase classname="testCases.TC_001_LoginTest" name="test_Login" time="0.494"/>
  <system-out/>
</testsuite> <!-- testCases.TC_001_LoginTest -->
